<?xml version="1.0" encoding="UTF-8" standalone="no"?>
<!DOCTYPE log SYSTEM "logger.dtd">
<head/><log>
<record>
  <date>2016-08-15T20:28:45.382-0300</date>
  <logger>ESTACIO PEREIRA DA SILVA NETO</logger>
  <level>FINE</level>
  <message>File 115110563-ESTACIO PEREIRA DA SILVA NETO.zip was received. It was sent by ESTACIO PEREIRA DA SILVA NETO from IP 127.0.1.1</message>
</record>
</log>
<?xml version="1.0" encoding="UTF-8" standalone="no"?>
<!DOCTYPE log SYSTEM "logger.dtd">
<log>
<record>
  <date>2016-08-15T20:48:09.548-0300</date>
  <logger>ESTACIO PEREIRA DA SILVA NETO</logger>
  <level>FINE</level>
  <message>File 115110563-ESTACIO PEREIRA DA SILVA NETO.zip was received. It was sent by ESTACIO PEREIRA DA SILVA NETO from IP 127.0.1.1</message>
</record>
</log>
<?xml version="1.0" encoding="UTF-8" standalone="no"?>
<!DOCTYPE log SYSTEM "logger.dtd">
<log>
<record>
  <date>2016-08-15T20:57:21.650-0300</date>
  <logger>ESTACIO PEREIRA DA SILVA NETO</logger>
  <level>FINE</level>
  <message>File 115110563-ESTACIO PEREIRA DA SILVA NETO.zip was received. It was sent by ESTACIO PEREIRA DA SILVA NETO from IP 127.0.1.1</message>
</record>
</log>
<?xml version="1.0" encoding="UTF-8" standalone="no"?>
<!DOCTYPE log SYSTEM "logger.dtd">
<log>
<record>
  <date>2016-08-15T21:18:58.106-0300</date>
  <logger>ESTACIO PEREIRA DA SILVA NETO</logger>
  <level>FINE</level>
  <message>File 115110563-ESTACIO PEREIRA DA SILVA NETO.zip was received. It was sent by ESTACIO PEREIRA DA SILVA NETO from IP 127.0.1.1</message>
</record>
</log>
<?xml version="1.0" encoding="UTF-8" standalone="no"?>
<!DOCTYPE log SYSTEM "logger.dtd">
<log>
<record>
  <date>2016-08-15T22:20:52.735-0300</date>
  <logger>ESTACIO PEREIRA DA SILVA NETO</logger>
  <level>FINE</level>
  <message>File 115110563-ESTACIO PEREIRA DA SILVA NETO.zip was received. It was sent by ESTACIO PEREIRA DA SILVA NETO from IP 127.0.1.1</message>
</record>
