<?xml version="1.0" encoding="UTF-8" standalone="no"?>
<!DOCTYPE log SYSTEM "logger.dtd">
<head/><log>
<record>
  <date>2016-07-18T15:07:49.056-0300</date>
  <logger>ESTACIO PEREIRA DA SILVA NETO</logger>
  <level>FINE</level>
  <message>File 115110563-ESTACIO PEREIRA DA SILVA NETO.zip was received. It was sent by ESTACIO PEREIRA DA SILVA NETO from IP 0.0.0.0</message>
</record>
</log>
<?xml version="1.0" encoding="UTF-8" standalone="no"?>
<!DOCTYPE log SYSTEM "logger.dtd">
<log>
<record>
  <date>2016-07-18T15:14:14.720-0300</date>
  <logger>ESTACIO PEREIRA DA SILVA NETO</logger>
  <level>FINE</level>
  <message>File 115110563-ESTACIO PEREIRA DA SILVA NETO.zip was received. It was sent by ESTACIO PEREIRA DA SILVA NETO from IP 0.0.0.0</message>
</record>
</log>
<?xml version="1.0" encoding="UTF-8" standalone="no"?>
<!DOCTYPE log SYSTEM "logger.dtd">
<log>
<record>
  <date>2016-07-18T15:59:27.078-0300</date>
  <logger>ESTACIO PEREIRA DA SILVA NETO</logger>
  <level>FINE</level>
  <message>File 115110563-ESTACIO PEREIRA DA SILVA NETO.zip was received. It was sent by ESTACIO PEREIRA DA SILVA NETO from IP 0.0.0.0</message>
</record>
</log>
<?xml version="1.0" encoding="UTF-8" standalone="no"?>
<!DOCTYPE log SYSTEM "logger.dtd">
<log>
<record>
  <date>2016-07-18T16:49:49.669-0300</date>
  <logger>ESTACIO PEREIRA DA SILVA NETO</logger>
  <level>FINE</level>
  <message>File 115110563-ESTACIO PEREIRA DA SILVA NETO.zip was received. It was sent by ESTACIO PEREIRA DA SILVA NETO from IP 0.0.0.0</message>
</record>
