<?xml version="1.0" encoding="UTF-8" standalone="no"?>
<!DOCTYPE log SYSTEM "logger.dtd">
<head/><log>
<record>
  <date>2016-08-24T21:42:32.609-0300</date>
  <logger>ESTACIO PEREIRA DA SILVA NETO</logger>
  <level>FINE</level>
  <message>File 115110563-ESTACIO PEREIRA DA SILVA NETO.zip was received. It was sent by ESTACIO PEREIRA DA SILVA NETO from IP 127.0.1.1</message>
</record>
</log>
<?xml version="1.0" encoding="UTF-8" standalone="no"?>
<!DOCTYPE log SYSTEM "logger.dtd">
<log>
<record>
  <date>2016-08-24T22:08:00.712-0300</date>
  <logger>ESTACIO PEREIRA DA SILVA NETO</logger>
  <level>FINE</level>
  <message>File 115110563-ESTACIO PEREIRA DA SILVA NETO.zip was received. It was sent by ESTACIO PEREIRA DA SILVA NETO from IP 127.0.1.1</message>
</record>
</log>
<?xml version="1.0" encoding="UTF-8" standalone="no"?>
<!DOCTYPE log SYSTEM "logger.dtd">
<log>
<record>
  <date>2016-08-24T22:10:35.228-0300</date>
  <logger>ESTACIO PEREIRA DA SILVA NETO</logger>
  <level>FINE</level>
  <message>File 115110563-ESTACIO PEREIRA DA SILVA NETO.zip was received. It was sent by ESTACIO PEREIRA DA SILVA NETO from IP 127.0.1.1</message>
</record>
</log>
<?xml version="1.0" encoding="UTF-8" standalone="no"?>
<!DOCTYPE log SYSTEM "logger.dtd">
<log>
<record>
  <date>2016-08-24T22:10:59.463-0300</date>
  <logger>ESTACIO PEREIRA DA SILVA NETO</logger>
  <level>FINE</level>
  <message>File 115110563-ESTACIO PEREIRA DA SILVA NETO.zip was received. It was sent by ESTACIO PEREIRA DA SILVA NETO from IP 127.0.1.1</message>
</record>
