<?xml version="1.0" encoding="UTF-8" standalone="no"?>
<!DOCTYPE log SYSTEM "logger.dtd">
<head/><log>
<record>
  <date>2016-08-18T22:26:39.086-0300</date>
  <logger>ESTACIO PEREIRA DA SILVA NETO</logger>
  <level>FINE</level>
  <message>File 115110563-ESTACIO PEREIRA DA SILVA NETO.zip was received. It was sent by ESTACIO PEREIRA DA SILVA NETO from IP 127.0.1.1</message>
</record>
</log>
<?xml version="1.0" encoding="UTF-8" standalone="no"?>
<!DOCTYPE log SYSTEM "logger.dtd">
<log>
<record>
  <date>2016-08-18T22:29:08.299-0300</date>
  <logger>ESTACIO PEREIRA DA SILVA NETO</logger>
  <level>FINE</level>
  <message>File 115110563-ESTACIO PEREIRA DA SILVA NETO.zip was received. It was sent by ESTACIO PEREIRA DA SILVA NETO from IP 127.0.1.1</message>
</record>
</log>
<?xml version="1.0" encoding="UTF-8" standalone="no"?>
<!DOCTYPE log SYSTEM "logger.dtd">
<log>
<record>
  <date>2016-08-19T21:42:34.402-0300</date>
  <logger>ESTACIO PEREIRA DA SILVA NETO</logger>
  <level>FINE</level>
  <message>File 115110563-ESTACIO PEREIRA DA SILVA NETO.zip was received. It was sent by ESTACIO PEREIRA DA SILVA NETO from IP 127.0.1.1</message>
</record>
