<?xml version="1.0" encoding="UTF-8" standalone="no"?>
<!DOCTYPE log SYSTEM "logger.dtd">
<head/><log>
<record>
  <date>2016-09-14T21:20:33.899-0300</date>
  <logger>ESTACIO PEREIRA DA SILVA NETO</logger>
  <level>FINE</level>
  <message>File 115110563-ESTACIO PEREIRA DA SILVA NETO.zip was received. It was sent by ESTACIO PEREIRA DA SILVA NETO from IP 127.0.1.1</message>
</record>
</log>
<?xml version="1.0" encoding="UTF-8" standalone="no"?>
<!DOCTYPE log SYSTEM "logger.dtd">
<log>
<record>
  <date>2016-09-14T21:45:31.893-0300</date>
  <logger>ESTACIO PEREIRA DA SILVA NETO</logger>
  <level>FINE</level>
  <message>File 115110563-ESTACIO PEREIRA DA SILVA NETO.zip was received. It was sent by ESTACIO PEREIRA DA SILVA NETO from IP 127.0.1.1</message>
</record>
</log>
<?xml version="1.0" encoding="UTF-8" standalone="no"?>
<!DOCTYPE log SYSTEM "logger.dtd">
<log>
<record>
  <date>2016-09-14T22:27:43.999-0300</date>
  <logger>ESTACIO PEREIRA DA SILVA NETO</logger>
  <level>FINE</level>
  <message>File 115110563-ESTACIO PEREIRA DA SILVA NETO.zip was received. It was sent by ESTACIO PEREIRA DA SILVA NETO from IP 127.0.1.1</message>
</record>
